<?xml version="1.0" encoding="UTF-8"?>
<!-- Generated by org.testng.reporters.JUnitXMLReporter -->
<testsuite ignored="0" hostname="DESKTOP-BP9TLJ9" failures="0" tests="15" name="Default test" time="190.609" errors="0" timestamp="2022-08-07T11:59:55 AST">
  <testcase classname="test.MyAccountTest" name="testSignIn" time="23.004"/>
  <testcase classname="test.MyAccountTest" name="testRegisterationPage" time="2.531"/>
  <testcase classname="test.MyAccountTest" name="testLoginPage" time="10.495"/>
  <testcase classname="test.MyAccountTest" name="authenticatingMyUser" time="0.068"/>
  <testcase classname="test.MyAccountTest" name="testWomenCategory" time="7.765"/>
  <testcase classname="test.MyAccountTest" name="testBlouseSelection" time="30.593"/>
  <testcase classname="test.MyAccountTest" name="testopenProductDetail" time="11.545"/>
  <testcase classname="test.MyAccountTest" name="testCartDetails" time="28.865"/>
  <testcase classname="test.MyAccountTest" name="testSummaryPage" time="15.905"/>
  <testcase classname="test.MyAccountTest" name="testAdressConfirmationPage" time="20.588"/>
  <testcase classname="test.MyAccountTest" name="testShippingProcess" time="16.135"/>
  <testcase classname="test.MyAccountTest" name="testPaymentPage" time="7.446"/>
  <testcase classname="test.MyAccountTest" name="testOrderConfirmation" time="6.049"/>
  <testcase classname="test.MyAccountTest" name="testOrderConfirmationPage" time="3.404"/>
  <testcase classname="test.MyAccountTest" name="testorderHistoryPage" time="2.629"/>
</testsuite> <!-- Default test -->
